============================= test session starts =============================
platform win32 -- Python 3.12.10, pytest-9.0.3, pluggy-1.6.0 -- D:\My Data\My Apps\LifeScribe Vault\apps\backend\.venv\Scripts\python.exe
cachedir: .pytest_cache
rootdir: D:\My Data\My Apps\lifescribe vault\apps\backend
configfile: pyproject.toml
plugins: anyio-4.13.0, asyncio-1.3.0, httpx-0.36.2
asyncio: mode=Mode.AUTO, debug=False, asyncio_default_fixture_loop_scope=None, asyncio_default_test_loop_scope=function
collecting ... collected 7 items

tests/retrieval/test_index.py::test_upsert_and_search PASSED             [ 14%]
tests/retrieval/test_index.py::test_bm25_orders_more_relevant_first PASSED [ 28%]
tests/retrieval/test_index.py::test_upsert_replaces_prior_chunks PASSED  [ 42%]
tests/retrieval/test_index.py::test_delete_note_removes_chunks PASSED    [ 57%]
tests/retrieval/test_index.py::test_note_mtime_tracking PASSED           [ 71%]
tests/retrieval/test_index.py::test_vault_id_mismatch_raises PASSED      [ 85%]
tests/retrieval/test_index.py::test_status_reports_counts_and_size PASSED [100%]

============================== 7 passed in 0.24s ==============================
